2023-01-30 14:37:23.542  INFO 1356 --- [main] c.a.p.ClaimServiceTest                   : Starting ClaimServiceTest using Java 11.0.8 on EC2AMAZ-8RI616P with PID 1356 (started by Administrator in C:\workspace\premier-claims-server)
2023-01-30 14:37:23.596  INFO 1356 --- [main] c.a.p.ClaimServiceTest                   : No active profile set, falling back to 1 default profile: "default"
2023-01-30 14:37:46.903  INFO 1356 --- [main] c.a.p.ClaimServiceTest                   : Started ClaimServiceTest in 24.769 seconds (JVM running for 30.498)
2023-01-30 14:40:08.387  INFO 2136 --- [main] c.a.p.ClaimServiceTest                   : Starting ClaimServiceTest using Java 11.0.8 on EC2AMAZ-8RI616P with PID 2136 (started by Administrator in C:\workspace\premier-claims-server)
2023-01-30 14:40:08.520  INFO 2136 --- [main] c.a.p.ClaimServiceTest                   : No active profile set, falling back to 1 default profile: "default"
2023-01-30 14:40:21.722  INFO 2136 --- [main] c.a.p.ClaimServiceTest                   : Started ClaimServiceTest in 14.574 seconds (JVM running for 18.249)
2023-01-30 14:43:21.993  INFO 2532 --- [main] c.a.p.ClaimServiceTest                   : Starting ClaimServiceTest using Java 11.0.8 on EC2AMAZ-8RI616P with PID 2532 (started by Administrator in C:\workspace\premier-claims-server)
2023-01-30 14:43:21.996  INFO 2532 --- [main] c.a.p.ClaimServiceTest                   : No active profile set, falling back to 1 default profile: "default"
2023-01-30 14:43:33.461  INFO 2532 --- [main] c.a.p.ClaimServiceTest                   : Started ClaimServiceTest in 12.626 seconds (JVM running for 16.43)
2023-01-30 14:47:17.596  INFO 8056 --- [restartedMain] c.a.p.PremierClaimsServerApplication     : Starting PremierClaimsServerApplication using Java 11.0.8 on EC2AMAZ-8RI616P with PID 8056 (C:\workspace\premier-claims-server\target\classes started by Administrator in C:\workspace\premier-claims-server)
2023-01-30 14:47:17.599  INFO 8056 --- [restartedMain] c.a.p.PremierClaimsServerApplication     : No active profile set, falling back to 1 default profile: "default"
2023-01-30 14:47:17.928  INFO 8056 --- [restartedMain] .e.DevToolsPropertyDefaultsPostProcessor : Devtools property defaults active! Set 'spring.devtools.add-properties' to 'false' to disable
2023-01-30 14:47:17.929  INFO 8056 --- [restartedMain] .e.DevToolsPropertyDefaultsPostProcessor : For additional web related logging consider setting the 'logging.level.web' property to 'DEBUG'
2023-01-30 14:47:19.922  INFO 8056 --- [restartedMain] .s.d.r.c.RepositoryConfigurationDelegate : Bootstrapping Spring Data JPA repositories in DEFAULT mode.
2023-01-30 14:47:20.064  INFO 8056 --- [restartedMain] .s.d.r.c.RepositoryConfigurationDelegate : Finished Spring Data repository scanning in 105 ms. Found 1 JPA repository interfaces.
2023-01-30 14:47:21.941  INFO 8056 --- [restartedMain] o.s.b.w.embedded.tomcat.TomcatWebServer  : Tomcat initialized with port(s): 8080 (http)
2023-01-30 14:47:21.975  INFO 8056 --- [restartedMain] o.apache.catalina.core.StandardService   : Starting service [Tomcat]
2023-01-30 14:47:21.976  INFO 8056 --- [restartedMain] org.apache.catalina.core.StandardEngine  : Starting Servlet engine: [Apache Tomcat/9.0.70]
2023-01-30 14:47:22.246  INFO 8056 --- [restartedMain] o.a.c.c.C.[Tomcat].[localhost].[/]       : Initializing Spring embedded WebApplicationContext
2023-01-30 14:47:22.248  INFO 8056 --- [restartedMain] w.s.c.ServletWebServerApplicationContext : Root WebApplicationContext: initialization completed in 4318 ms
2023-01-30 14:47:22.714  INFO 8056 --- [restartedMain] o.hibernate.jpa.internal.util.LogHelper  : HHH000204: Processing PersistenceUnitInfo [name: default]
2023-01-30 14:47:22.852  INFO 8056 --- [restartedMain] org.hibernate.Version                    : HHH000412: Hibernate ORM core version 5.6.14.Final
2023-01-30 14:47:23.344  INFO 8056 --- [restartedMain] o.hibernate.annotations.common.Version   : HCANN000001: Hibernate Commons Annotations {5.1.2.Final}
2023-01-30 14:47:23.572  INFO 8056 --- [restartedMain] com.zaxxer.hikari.HikariDataSource       : HikariPool-1 - Starting...
2023-01-30 14:47:24.522  INFO 8056 --- [restartedMain] com.zaxxer.hikari.HikariDataSource       : HikariPool-1 - Start completed.
2023-01-30 14:47:24.626  INFO 8056 --- [restartedMain] org.hibernate.dialect.Dialect            : HHH000400: Using dialect: org.hibernate.dialect.MySQL8Dialect
2023-01-30 14:47:26.531  INFO 8056 --- [restartedMain] o.h.e.t.j.p.i.JtaPlatformInitiator       : HHH000490: Using JtaPlatform implementation: [org.hibernate.engine.transaction.jta.platform.internal.NoJtaPlatform]
2023-01-30 14:47:26.547  INFO 8056 --- [restartedMain] j.LocalContainerEntityManagerFactoryBean : Initialized JPA EntityManagerFactory for persistence unit 'default'
2023-01-30 14:47:28.203  WARN 8056 --- [restartedMain] JpaBaseConfiguration$JpaWebConfiguration : spring.jpa.open-in-view is enabled by default. Therefore, database queries may be performed during view rendering. Explicitly configure spring.jpa.open-in-view to disable this warning
2023-01-30 14:47:31.027  INFO 8056 --- [restartedMain] o.s.b.d.a.OptionalLiveReloadServer       : LiveReload server is running on port 35729
2023-01-30 14:47:31.100  INFO 8056 --- [restartedMain] o.s.b.w.embedded.tomcat.TomcatWebServer  : Tomcat started on port(s): 8080 (http) with context path ''
2023-01-30 14:47:31.129  INFO 8056 --- [restartedMain] c.a.p.PremierClaimsServerApplication     : Started PremierClaimsServerApplication in 14.571 seconds (JVM running for 16.063)
2023-01-30 14:57:58.941  INFO 8056 --- [http-nio-8080-exec-1] o.a.c.c.C.[Tomcat].[localhost].[/]       : Initializing Spring DispatcherServlet 'dispatcherServlet'
2023-01-30 14:57:58.956  INFO 8056 --- [http-nio-8080-exec-1] o.s.web.servlet.DispatcherServlet        : Initializing Servlet 'dispatcherServlet'
2023-01-30 14:57:58.965  INFO 8056 --- [http-nio-8080-exec-1] o.s.web.servlet.DispatcherServlet        : Completed initialization in 9 ms
2023-01-30 16:43:55.962  INFO 8056 --- [SpringApplicationShutdownHook] j.LocalContainerEntityManagerFactoryBean : Closing JPA EntityManagerFactory for persistence unit 'default'
2023-01-30 16:43:55.976  INFO 8056 --- [SpringApplicationShutdownHook] com.zaxxer.hikari.HikariDataSource       : HikariPool-1 - Shutdown initiated...
2023-01-30 16:43:56.049  INFO 8056 --- [SpringApplicationShutdownHook] com.zaxxer.hikari.HikariDataSource       : HikariPool-1 - Shutdown completed.
2023-01-30 16:44:07.906  INFO 8832 --- [restartedMain] c.a.p.PremierClaimsServerApplication     : Starting PremierClaimsServerApplication using Java 11.0.8 on EC2AMAZ-8RI616P with PID 8832 (C:\workspace\premier-claims-server\target\classes started by Administrator in C:\workspace\premier-claims-server)
2023-01-30 16:44:07.909  INFO 8832 --- [restartedMain] c.a.p.PremierClaimsServerApplication     : No active profile set, falling back to 1 default profile: "default"
2023-01-30 16:44:08.064  INFO 8832 --- [restartedMain] .e.DevToolsPropertyDefaultsPostProcessor : Devtools property defaults active! Set 'spring.devtools.add-properties' to 'false' to disable
2023-01-30 16:44:08.065  INFO 8832 --- [restartedMain] .e.DevToolsPropertyDefaultsPostProcessor : For additional web related logging consider setting the 'logging.level.web' property to 'DEBUG'
2023-01-30 16:44:10.229  INFO 8832 --- [restartedMain] .s.d.r.c.RepositoryConfigurationDelegate : Bootstrapping Spring Data JPA repositories in DEFAULT mode.
2023-01-30 16:44:10.366  INFO 8832 --- [restartedMain] .s.d.r.c.RepositoryConfigurationDelegate : Finished Spring Data repository scanning in 105 ms. Found 1 JPA repository interfaces.
2023-01-30 16:44:12.455  INFO 8832 --- [restartedMain] o.s.b.w.embedded.tomcat.TomcatWebServer  : Tomcat initialized with port(s): 8080 (http)
2023-01-30 16:44:12.517  INFO 8832 --- [restartedMain] o.apache.catalina.core.StandardService   : Starting service [Tomcat]
2023-01-30 16:44:12.521  INFO 8832 --- [restartedMain] org.apache.catalina.core.StandardEngine  : Starting Servlet engine: [Apache Tomcat/9.0.70]
2023-01-30 16:44:12.777  INFO 8832 --- [restartedMain] o.a.c.c.C.[Tomcat].[localhost].[/]       : Initializing Spring embedded WebApplicationContext
2023-01-30 16:44:12.780  INFO 8832 --- [restartedMain] w.s.c.ServletWebServerApplicationContext : Root WebApplicationContext: initialization completed in 4713 ms
2023-01-30 16:44:13.213  INFO 8832 --- [restartedMain] o.hibernate.jpa.internal.util.LogHelper  : HHH000204: Processing PersistenceUnitInfo [name: default]
2023-01-30 16:44:13.350  INFO 8832 --- [restartedMain] org.hibernate.Version                    : HHH000412: Hibernate ORM core version 5.6.14.Final
2023-01-30 16:44:13.733  INFO 8832 --- [restartedMain] o.hibernate.annotations.common.Version   : HCANN000001: Hibernate Commons Annotations {5.1.2.Final}
2023-01-30 16:44:13.979  INFO 8832 --- [restartedMain] com.zaxxer.hikari.HikariDataSource       : HikariPool-1 - Starting...
2023-01-30 16:44:14.795  INFO 8832 --- [restartedMain] com.zaxxer.hikari.HikariDataSource       : HikariPool-1 - Start completed.
2023-01-30 16:44:14.865  INFO 8832 --- [restartedMain] org.hibernate.dialect.Dialect            : HHH000400: Using dialect: org.hibernate.dialect.MySQL8Dialect
2023-01-30 16:44:17.681  INFO 8832 --- [restartedMain] o.h.e.t.j.p.i.JtaPlatformInitiator       : HHH000490: Using JtaPlatform implementation: [org.hibernate.engine.transaction.jta.platform.internal.NoJtaPlatform]
2023-01-30 16:44:17.694  INFO 8832 --- [restartedMain] j.LocalContainerEntityManagerFactoryBean : Initialized JPA EntityManagerFactory for persistence unit 'default'
2023-01-30 16:44:19.204  WARN 8832 --- [restartedMain] JpaBaseConfiguration$JpaWebConfiguration : spring.jpa.open-in-view is enabled by default. Therefore, database queries may be performed during view rendering. Explicitly configure spring.jpa.open-in-view to disable this warning
2023-01-30 16:44:22.116  INFO 8832 --- [restartedMain] o.s.b.d.a.OptionalLiveReloadServer       : LiveReload server is running on port 35729
2023-01-30 16:44:22.187  INFO 8832 --- [restartedMain] o.s.b.w.embedded.tomcat.TomcatWebServer  : Tomcat started on port(s): 8080 (http) with context path ''
2023-01-30 16:44:22.388  INFO 8832 --- [restartedMain] c.a.p.PremierClaimsServerApplication     : Started PremierClaimsServerApplication in 15.922 seconds (JVM running for 17.887)
2023-01-30 16:47:18.397  INFO 8832 --- [SpringApplicationShutdownHook] j.LocalContainerEntityManagerFactoryBean : Closing JPA EntityManagerFactory for persistence unit 'default'
2023-01-30 16:47:18.403  INFO 8832 --- [SpringApplicationShutdownHook] com.zaxxer.hikari.HikariDataSource       : HikariPool-1 - Shutdown initiated...
2023-01-30 16:47:18.433  INFO 8832 --- [SpringApplicationShutdownHook] com.zaxxer.hikari.HikariDataSource       : HikariPool-1 - Shutdown completed.
2023-01-30 16:47:31.104  INFO 3264 --- [restartedMain] c.a.p.PremierClaimsServerApplication     : Starting PremierClaimsServerApplication using Java 11.0.8 on EC2AMAZ-8RI616P with PID 3264 (C:\workspace\premier-claims-server\target\classes started by Administrator in C:\workspace\premier-claims-server)
2023-01-30 16:47:31.107  INFO 3264 --- [restartedMain] c.a.p.PremierClaimsServerApplication     : No active profile set, falling back to 1 default profile: "default"
2023-01-30 16:47:31.294  INFO 3264 --- [restartedMain] .e.DevToolsPropertyDefaultsPostProcessor : Devtools property defaults active! Set 'spring.devtools.add-properties' to 'false' to disable
2023-01-30 16:47:31.295  INFO 3264 --- [restartedMain] .e.DevToolsPropertyDefaultsPostProcessor : For additional web related logging consider setting the 'logging.level.web' property to 'DEBUG'
2023-01-30 16:47:33.219  INFO 3264 --- [restartedMain] .s.d.r.c.RepositoryConfigurationDelegate : Bootstrapping Spring Data JPA repositories in DEFAULT mode.
2023-01-30 16:47:33.359  INFO 3264 --- [restartedMain] .s.d.r.c.RepositoryConfigurationDelegate : Finished Spring Data repository scanning in 107 ms. Found 1 JPA repository interfaces.
2023-01-30 16:47:35.341  INFO 3264 --- [restartedMain] o.s.b.w.embedded.tomcat.TomcatWebServer  : Tomcat initialized with port(s): 8080 (http)
2023-01-30 16:47:35.366  INFO 3264 --- [restartedMain] o.apache.catalina.core.StandardService   : Starting service [Tomcat]
2023-01-30 16:47:35.367  INFO 3264 --- [restartedMain] org.apache.catalina.core.StandardEngine  : Starting Servlet engine: [Apache Tomcat/9.0.70]
2023-01-30 16:47:35.648  INFO 3264 --- [restartedMain] o.a.c.c.C.[Tomcat].[localhost].[/]       : Initializing Spring embedded WebApplicationContext
2023-01-30 16:47:35.654  INFO 3264 --- [restartedMain] w.s.c.ServletWebServerApplicationContext : Root WebApplicationContext: initialization completed in 4358 ms
2023-01-30 16:47:36.054  INFO 3264 --- [restartedMain] o.hibernate.jpa.internal.util.LogHelper  : HHH000204: Processing PersistenceUnitInfo [name: default]
2023-01-30 16:47:36.141  INFO 3264 --- [restartedMain] org.hibernate.Version                    : HHH000412: Hibernate ORM core version 5.6.14.Final
2023-01-30 16:47:36.468  INFO 3264 --- [restartedMain] o.hibernate.annotations.common.Version   : HCANN000001: Hibernate Commons Annotations {5.1.2.Final}
2023-01-30 16:47:36.752  INFO 3264 --- [restartedMain] com.zaxxer.hikari.HikariDataSource       : HikariPool-1 - Starting...
2023-01-30 16:47:37.408  INFO 3264 --- [restartedMain] com.zaxxer.hikari.HikariDataSource       : HikariPool-1 - Start completed.
2023-01-30 16:47:37.478  INFO 3264 --- [restartedMain] org.hibernate.dialect.Dialect            : HHH000400: Using dialect: org.hibernate.dialect.MySQL8Dialect
2023-01-30 16:47:39.312  INFO 3264 --- [restartedMain] o.h.e.t.j.p.i.JtaPlatformInitiator       : HHH000490: Using JtaPlatform implementation: [org.hibernate.engine.transaction.jta.platform.internal.NoJtaPlatform]
2023-01-30 16:47:39.327  INFO 3264 --- [restartedMain] j.LocalContainerEntityManagerFactoryBean : Initialized JPA EntityManagerFactory for persistence unit 'default'
2023-01-30 16:47:41.458  WARN 3264 --- [restartedMain] JpaBaseConfiguration$JpaWebConfiguration : spring.jpa.open-in-view is enabled by default. Therefore, database queries may be performed during view rendering. Explicitly configure spring.jpa.open-in-view to disable this warning
2023-01-30 16:47:44.320  INFO 3264 --- [restartedMain] o.s.b.d.a.OptionalLiveReloadServer       : LiveReload server is running on port 35729
2023-01-30 16:47:44.553  INFO 3264 --- [restartedMain] o.s.b.w.embedded.tomcat.TomcatWebServer  : Tomcat started on port(s): 8080 (http) with context path ''
2023-01-30 16:47:44.582  INFO 3264 --- [restartedMain] c.a.p.PremierClaimsServerApplication     : Started PremierClaimsServerApplication in 14.738 seconds (JVM running for 16.625)
2023-01-30 16:54:01.830  INFO 3264 --- [SpringApplicationShutdownHook] j.LocalContainerEntityManagerFactoryBean : Closing JPA EntityManagerFactory for persistence unit 'default'
2023-01-30 16:54:01.867  INFO 3264 --- [SpringApplicationShutdownHook] com.zaxxer.hikari.HikariDataSource       : HikariPool-1 - Shutdown initiated...
2023-01-30 16:54:01.930  INFO 3264 --- [SpringApplicationShutdownHook] com.zaxxer.hikari.HikariDataSource       : HikariPool-1 - Shutdown completed.
2023-01-30 16:54:12.263  INFO 2360 --- [restartedMain] c.a.p.PremierClaimsServerApplication     : Starting PremierClaimsServerApplication using Java 11.0.8 on EC2AMAZ-8RI616P with PID 2360 (C:\workspace\premier-claims-server\target\classes started by Administrator in C:\workspace\premier-claims-server)
2023-01-30 16:54:12.266  INFO 2360 --- [restartedMain] c.a.p.PremierClaimsServerApplication     : No active profile set, falling back to 1 default profile: "default"
2023-01-30 16:54:12.572  INFO 2360 --- [restartedMain] .e.DevToolsPropertyDefaultsPostProcessor : Devtools property defaults active! Set 'spring.devtools.add-properties' to 'false' to disable
2023-01-30 16:54:12.573  INFO 2360 --- [restartedMain] .e.DevToolsPropertyDefaultsPostProcessor : For additional web related logging consider setting the 'logging.level.web' property to 'DEBUG'
2023-01-30 16:54:14.675  INFO 2360 --- [restartedMain] .s.d.r.c.RepositoryConfigurationDelegate : Bootstrapping Spring Data JPA repositories in DEFAULT mode.
2023-01-30 16:54:14.820  INFO 2360 --- [restartedMain] .s.d.r.c.RepositoryConfigurationDelegate : Finished Spring Data repository scanning in 110 ms. Found 1 JPA repository interfaces.
2023-01-30 16:54:16.595  INFO 2360 --- [restartedMain] o.s.b.w.embedded.tomcat.TomcatWebServer  : Tomcat initialized with port(s): 8080 (http)
2023-01-30 16:54:16.620  INFO 2360 --- [restartedMain] o.apache.catalina.core.StandardService   : Starting service [Tomcat]
2023-01-30 16:54:16.623  INFO 2360 --- [restartedMain] org.apache.catalina.core.StandardEngine  : Starting Servlet engine: [Apache Tomcat/9.0.70]
2023-01-30 16:54:17.027  INFO 2360 --- [restartedMain] o.a.c.c.C.[Tomcat].[localhost].[/]       : Initializing Spring embedded WebApplicationContext
2023-01-30 16:54:17.034  INFO 2360 --- [restartedMain] w.s.c.ServletWebServerApplicationContext : Root WebApplicationContext: initialization completed in 4459 ms
2023-01-30 16:54:17.506  INFO 2360 --- [restartedMain] o.hibernate.jpa.internal.util.LogHelper  : HHH000204: Processing PersistenceUnitInfo [name: default]
2023-01-30 16:54:17.601  INFO 2360 --- [restartedMain] org.hibernate.Version                    : HHH000412: Hibernate ORM core version 5.6.14.Final
2023-01-30 16:54:17.909  INFO 2360 --- [restartedMain] o.hibernate.annotations.common.Version   : HCANN000001: Hibernate Commons Annotations {5.1.2.Final}
2023-01-30 16:54:18.102  INFO 2360 --- [restartedMain] com.zaxxer.hikari.HikariDataSource       : HikariPool-1 - Starting...
2023-01-30 16:54:18.781  INFO 2360 --- [restartedMain] com.zaxxer.hikari.HikariDataSource       : HikariPool-1 - Start completed.
2023-01-30 16:54:18.845  INFO 2360 --- [restartedMain] org.hibernate.dialect.Dialect            : HHH000400: Using dialect: org.hibernate.dialect.MySQL8Dialect
2023-01-30 16:54:20.664  INFO 2360 --- [restartedMain] o.h.e.t.j.p.i.JtaPlatformInitiator       : HHH000490: Using JtaPlatform implementation: [org.hibernate.engine.transaction.jta.platform.internal.NoJtaPlatform]
2023-01-30 16:54:20.679  INFO 2360 --- [restartedMain] j.LocalContainerEntityManagerFactoryBean : Initialized JPA EntityManagerFactory for persistence unit 'default'
2023-01-30 16:54:22.175  WARN 2360 --- [restartedMain] JpaBaseConfiguration$JpaWebConfiguration : spring.jpa.open-in-view is enabled by default. Therefore, database queries may be performed during view rendering. Explicitly configure spring.jpa.open-in-view to disable this warning
2023-01-30 16:54:25.489  INFO 2360 --- [restartedMain] o.s.b.d.a.OptionalLiveReloadServer       : LiveReload server is running on port 35729
2023-01-30 16:54:25.555  INFO 2360 --- [restartedMain] o.s.b.w.embedded.tomcat.TomcatWebServer  : Tomcat started on port(s): 8080 (http) with context path ''
2023-01-30 16:54:25.581  INFO 2360 --- [restartedMain] c.a.p.PremierClaimsServerApplication     : Started PremierClaimsServerApplication in 14.663 seconds (JVM running for 16.359)
2023-01-30 16:55:00.234  INFO 2360 --- [http-nio-8080-exec-1] o.a.c.c.C.[Tomcat].[localhost].[/]       : Initializing Spring DispatcherServlet 'dispatcherServlet'
2023-01-30 16:55:00.235  INFO 2360 --- [http-nio-8080-exec-1] o.s.web.servlet.DispatcherServlet        : Initializing Servlet 'dispatcherServlet'
2023-01-30 16:55:00.245  INFO 2360 --- [http-nio-8080-exec-1] o.s.web.servlet.DispatcherServlet        : Completed initialization in 10 ms
